<?xml version="1.0" encoding="UTF-8"?>
<testng-results ignored="0" total="1" passed="1" failed="0" skipped="0">
  <reporter-output>
  </reporter-output>
  <suite started-at="2023-12-07T14:51:15 IST" name="Default suite" finished-at="2023-12-07T14:51:19 IST" duration-ms="3523">
    <groups>
    </groups>
    <test started-at="2023-12-07T14:51:15 IST" name="Default test" finished-at="2023-12-07T14:51:19 IST" duration-ms="3523">
      <class name="screenshot.CaptureScreenshot">
        <test-method signature="takeScreenshot()[pri:0, instance:screenshot.CaptureScreenshot@5c33f1a9]" started-at="2023-12-07T14:51:15 IST" name="takeScreenshot" finished-at="2023-12-07T14:51:19 IST" duration-ms="3478" status="PASS">
          <reporter-output>
          </reporter-output>
        </test-method> <!-- takeScreenshot -->
      </class> <!-- screenshot.CaptureScreenshot -->
    </test> <!-- Default test -->
  </suite> <!-- Default suite -->
</testng-results>
